This file contains any messages produced by compilers while
running configure, to aid debugging if configure makes a mistake.

It was created by FULL-PACKAGE-NAME configure VERSION, which was
generated by GNU Autoconf 2.59.  Invocation command line was

  $ ./configure 

## --------- ##
## Platform. ##
## --------- ##

hostname = submit1.ufhpc
uname -m = x86_64
uname -r = 2.6.32-220.17.1.el6.x86_64
uname -s = Linux
uname -v = #1 SMP Thu Apr 26 13:37:13 EDT 2012

/usr/bin/uname -p = unknown
/bin/uname -X     = unknown

/bin/arch              = x86_64
/usr/bin/arch -k       = unknown
/usr/convex/getsysinfo = unknown
hostinfo               = unknown
/bin/machine           = unknown
/usr/bin/oslevel       = unknown
/bin/universe          = unknown

PATH: /home/perera/Develop/ACESII/bin
PATH: /apps/shared/bartlett/ACESII-2.8.0/bin
PATH: /home/perera/Dalton2011_release/bin/
PATH: /usr/mpi/intel/openmpi-1.6/bin
PATH: /opt/intel/itac/8.0.3.007/bin
PATH: /opt/intel/composerxe/bin
PATH: /usr/lib64/qt-3.3/bin
PATH: /apps/lua/lua/bin
PATH: /usr/java/default/bin
PATH: /usr/local/bin
PATH: /bin
PATH: /usr/bin
PATH: /usr/local/sbin
PATH: /usr/sbin
PATH: /sbin
PATH: /opt/cuda/bin
PATH: /opt/moab/bin
PATH: /home/perera/bin


## ----------- ##
## Core tests. ##
## ----------- ##

configure:1385: checking for mpif77
configure:1401: found /usr/mpi/intel/openmpi-1.6/bin/mpif77
configure:1411: result: mpif77
configure:1426: checking for Fortran compiler version
configure:1429: mpif77 --version </dev/null >&5
ifort (IFORT) 12.1.5 20120612
Copyright (C) 1985-2012 Intel Corporation.  All rights reserved.

configure:1432: $? = 0
configure:1434: mpif77 -v </dev/null >&5
ifort version 12.1.5
configure:1437: $? = 0
configure:1439: mpif77 -V </dev/null >&5
Intel(R) Fortran Intel(R) 64 Compiler XE for applications running on Intel(R) 64, Version 12.1 Build 20120612
Copyright (C) 1985-2012 Intel Corporation.  All rights reserved.

configure:1442: $? = 0
configure:1456: checking for Fortran compiler default output file name
configure:1459: mpif77    conftest.f  >&5
configure:1462: $? = 0
configure:1508: result: a.out
configure:1513: checking whether the Fortran compiler works
configure:1519: ./a.out
configure:1522: $? = 0
configure:1539: result: yes
configure:1546: checking whether we are cross compiling
configure:1548: result: no
configure:1551: checking for suffix of executables
configure:1553: mpif77 -o conftest    conftest.f  >&5
configure:1556: $? = 0
configure:1581: result: 
configure:1587: checking for suffix of object files
configure:1598: mpif77 -c   conftest.f >&5
configure:1601: $? = 0
configure:1623: result: o
configure:1631: checking whether we are using the GNU Fortran compiler
configure:1645: mpif77 -c   conftest.F >&5
conftest.F(3): error #5082: Syntax error, found END-OF-STATEMENT when expecting one of: ( % [ : . = =>
       choke me
---------------^
conftest.F(3): error #6218: This statement is positioned incorrectly and/or has syntax errors.
       choke me
---------------^
compilation aborted for conftest.F (code 1)
configure:1651: $? = 1
configure: failed program was:
|       program main
| #ifndef __GNUC__
|        choke me
| #endif
| 
|       end
configure:1677: result: no
configure:1683: checking whether mpif77 accepts -g
configure:1695: mpif77 -c -g  conftest.f >&5
configure:1701: $? = 0
configure:1705: test -z 
			 || test ! -s conftest.err
configure:1708: $? = 0
configure:1711: test -s conftest.o
configure:1714: $? = 0
configure:1726: result: yes
configure:2732: checking how to run the C preprocessor
configure:2767: mpicc -E  conftest.c
configure:2773: $? = 0
configure:2805: mpicc -E  conftest.c
conftest.c(9): error #2379: cannot open source file "ac_nonexistent.h"
  #include <ac_nonexistent.h>
                             ^

configure:2811: $? = 2
configure: failed program was:
| /* confdefs.h.  */
| 
| #define PACKAGE_NAME "FULL-PACKAGE-NAME"
| #define PACKAGE_TARNAME "full-package-name"
| #define PACKAGE_VERSION "VERSION"
| #define PACKAGE_STRING "FULL-PACKAGE-NAME VERSION"
| #define PACKAGE_BUGREPORT "BUG-REPORT-ADDRESS"
| /* end confdefs.h.  */
| #include <ac_nonexistent.h>
configure:2850: result: mpicc -E
configure:2874: mpicc -E  conftest.c
configure:2880: $? = 0
configure:2912: mpicc -E  conftest.c
conftest.c(9): error #2379: cannot open source file "ac_nonexistent.h"
  #include <ac_nonexistent.h>
                             ^

configure:2918: $? = 2
configure: failed program was:
| /* confdefs.h.  */
| 
| #define PACKAGE_NAME "FULL-PACKAGE-NAME"
| #define PACKAGE_TARNAME "full-package-name"
| #define PACKAGE_VERSION "VERSION"
| #define PACKAGE_STRING "FULL-PACKAGE-NAME VERSION"
| #define PACKAGE_BUGREPORT "BUG-REPORT-ADDRESS"
| /* end confdefs.h.  */
| #include <ac_nonexistent.h>
configure:2962: checking for egrep
configure:2972: result: grep -E
configure:2977: checking for ANSI C header files
configure:3002: mpicc -c   conftest.c >&5
configure:3008: $? = 0
configure:3012: test -z 
			 || test ! -s conftest.err
configure:3015: $? = 0
configure:3018: test -s conftest.o
configure:3021: $? = 0
configure:3110: mpicc -o conftest    conftest.c  >&5
configure:3113: $? = 0
configure:3115: ./conftest
configure:3118: $? = 0
configure:3133: result: yes
configure:3157: checking for sys/types.h
configure:3173: mpicc -c   conftest.c >&5
configure:3179: $? = 0
configure:3183: test -z 
			 || test ! -s conftest.err
configure:3186: $? = 0
configure:3189: test -s conftest.o
configure:3192: $? = 0
configure:3203: result: yes
configure:3157: checking for sys/stat.h
configure:3173: mpicc -c   conftest.c >&5
configure:3179: $? = 0
configure:3183: test -z 
			 || test ! -s conftest.err
configure:3186: $? = 0
configure:3189: test -s conftest.o
configure:3192: $? = 0
configure:3203: result: yes
configure:3157: checking for stdlib.h
configure:3173: mpicc -c   conftest.c >&5
configure:3179: $? = 0
configure:3183: test -z 
			 || test ! -s conftest.err
configure:3186: $? = 0
configure:3189: test -s conftest.o
configure:3192: $? = 0
configure:3203: result: yes
configure:3157: checking for string.h
configure:3173: mpicc -c   conftest.c >&5
configure:3179: $? = 0
configure:3183: test -z 
			 || test ! -s conftest.err
configure:3186: $? = 0
configure:3189: test -s conftest.o
configure:3192: $? = 0
configure:3203: result: yes
configure:3157: checking for memory.h
configure:3173: mpicc -c   conftest.c >&5
configure:3179: $? = 0
configure:3183: test -z 
			 || test ! -s conftest.err
configure:3186: $? = 0
configure:3189: test -s conftest.o
configure:3192: $? = 0
configure:3203: result: yes
configure:3157: checking for strings.h
configure:3173: mpicc -c   conftest.c >&5
configure:3179: $? = 0
configure:3183: test -z 
			 || test ! -s conftest.err
configure:3186: $? = 0
configure:3189: test -s conftest.o
configure:3192: $? = 0
configure:3203: result: yes
configure:3157: checking for inttypes.h
configure:3173: mpicc -c   conftest.c >&5
configure:3179: $? = 0
configure:3183: test -z 
			 || test ! -s conftest.err
configure:3186: $? = 0
configure:3189: test -s conftest.o
configure:3192: $? = 0
configure:3203: result: yes
configure:3157: checking for stdint.h
configure:3173: mpicc -c   conftest.c >&5
configure:3179: $? = 0
configure:3183: test -z 
			 || test ! -s conftest.err
configure:3186: $? = 0
configure:3189: test -s conftest.o
configure:3192: $? = 0
configure:3203: result: yes
configure:3157: checking for unistd.h
configure:3173: mpicc -c   conftest.c >&5
configure:3179: $? = 0
configure:3183: test -z 
			 || test ! -s conftest.err
configure:3186: $? = 0
configure:3189: test -s conftest.o
configure:3192: $? = 0
configure:3203: result: yes
configure:3220: checking for stdlib.h
configure:3225: result: yes
configure:3503: creating ./config.status

## ---------------------- ##
## Running config.status. ##
## ---------------------- ##

This file was extended by FULL-PACKAGE-NAME config.status VERSION, which was
generated by GNU Autoconf 2.59.  Invocation command line was

  CONFIG_FILES    = 
  CONFIG_HEADERS  = 
  CONFIG_LINKS    = 
  CONFIG_COMMANDS = 
  $ ./config.status 

on submit1.ufhpc

config.status:673: creating Makefile
config.status:673: creating src/main/Makefile
config.status:673: creating src/sial_compiler/compiler/Makefile
config.status:673: creating src/sial_compiler/sial/Makefile
config.status:673: creating src/aces/aces_sial/Makefile
config.status:673: creating src/aces/aces_library/special_directory/oed/Makefile
config.status:673: creating src/aces/aces_library/special_directory/dup/Makefile
config.status:673: creating src/aces/aces_library/special_directory/nlo/Makefile
config.status:673: creating src/aces/aces_library/special_directory/erd/Makefile
config.status:673: creating src/aces/aces_library/special_directory/direct_integral/Makefile
config.status:673: creating src/aces/aces_library/a2driver/symcor/Makefile
config.status:673: creating src/aces/aces_library/a2driver/aces2/Makefile
config.status:673: creating src/aces/aces_library/a2driver/geopt/Makefile
config.status:673: creating src/sia/framelib/Makefile
config.status:673: creating src/sia/manager/Makefile
config.status:673: creating src/sia/sip/aces_instructions/Makefile
config.status:673: creating src/sia/sip/sip_instructions/Makefile
config.status:673: creating src/sia/worker/Makefile
config.status:673: creating src/sia/sip_shared/Makefile
config.status:673: creating test_compare/Makefile
config.status:776: creating config.h

## ---------------- ##
## Cache variables. ##
## ---------------- ##

ac_cv_env_CC_set=set
ac_cv_env_CC_value=mpicc
ac_cv_env_CFLAGS_set=
ac_cv_env_CFLAGS_value=
ac_cv_env_CPPFLAGS_set=
ac_cv_env_CPPFLAGS_value=
ac_cv_env_CPP_set=
ac_cv_env_CPP_value=
ac_cv_env_CXXFLAGS_set=
ac_cv_env_CXXFLAGS_value=
ac_cv_env_CXX_set=set
ac_cv_env_CXX_value=mpicxx
ac_cv_env_FCFLAGS_set=
ac_cv_env_FCFLAGS_value=
ac_cv_env_FC_set=
ac_cv_env_FC_value=
ac_cv_env_LDFLAGS_set=
ac_cv_env_LDFLAGS_value=
ac_cv_env_build_alias_set=
ac_cv_env_build_alias_value=
ac_cv_env_host_alias_set=
ac_cv_env_host_alias_value=
ac_cv_env_target_alias_set=
ac_cv_env_target_alias_value=
ac_cv_exeext=
ac_cv_fc_compiler_gnu=no
ac_cv_header_inttypes_h=yes
ac_cv_header_memory_h=yes
ac_cv_header_stdc=yes
ac_cv_header_stdint_h=yes
ac_cv_header_stdlib_h=yes
ac_cv_header_string_h=yes
ac_cv_header_strings_h=yes
ac_cv_header_sys_stat_h=yes
ac_cv_header_sys_types_h=yes
ac_cv_header_unistd_h=yes
ac_cv_objext=o
ac_cv_prog_CPP='mpicc -E'
ac_cv_prog_ac_ct_FC=mpif77
ac_cv_prog_egrep='grep -E'
ac_cv_prog_fc_g=yes

## ----------------- ##
## Output variables. ##
## ----------------- ##

ACESFLAGS=''
ACESLIBS=''
CC='mpicc'
CFLAGS=''
CPP='mpicc -E'
CPPFLAGS=''
CXX='mpicxx'
CXXFLAGS=''
DEFS='-DHAVE_CONFIG_H'
ECHO_C=''
ECHO_N='-n'
ECHO_T=''
EGREP='grep -E'
EXEEXT=''
FC='mpif77'
FCFLAGS='-g'
LDFLAGS=''
LIBOBJS=''
LIBS=''
LTLIBOBJS=''
MKLFLAGS=''
MKLLIBS=''
NVCC='nvcc'
OBJEXT='o'
PACKAGE_BUGREPORT='BUG-REPORT-ADDRESS'
PACKAGE_NAME='FULL-PACKAGE-NAME'
PACKAGE_STRING='FULL-PACKAGE-NAME VERSION'
PACKAGE_TARNAME='full-package-name'
PACKAGE_VERSION='VERSION'
PATH_SEPARATOR=':'
SERIAL_CPP='g++'
SHELL='/bin/sh'
SIAL_COMPILER_LIBS=''
ac_ct_CC=''
ac_ct_CXX=''
ac_ct_FC='mpif77'
bindir='${exec_prefix}/bin'
build_alias=''
datadir='${prefix}/share'
exec_prefix='${prefix}'
host_alias=''
includedir='${prefix}/include'
infodir='${prefix}/info'
libdir='${exec_prefix}/lib'
libexecdir='${exec_prefix}/libexec'
localstatedir='${prefix}/var'
mandir='${prefix}/man'
oldincludedir='/usr/include'
prefix='/usr/local'
program_transform_name='s,x,x,'
sbindir='${exec_prefix}/sbin'
sharedstatedir='${prefix}/com'
sysconfdir='${prefix}/etc'
target_alias=''

## ----------- ##
## confdefs.h. ##
## ----------- ##

#define HAVE_INTTYPES_H 1
#define HAVE_MEMORY_H 1
#define HAVE_STDINT_H 1
#define HAVE_STDLIB_H 1
#define HAVE_STDLIB_H 1
#define HAVE_STRINGS_H 1
#define HAVE_STRING_H 1
#define HAVE_SYS_STAT_H 1
#define HAVE_SYS_TYPES_H 1
#define HAVE_UNISTD_H 1
#define PACKAGE_BUGREPORT "BUG-REPORT-ADDRESS"
#define PACKAGE_NAME "FULL-PACKAGE-NAME"
#define PACKAGE_STRING "FULL-PACKAGE-NAME VERSION"
#define PACKAGE_TARNAME "full-package-name"
#define PACKAGE_VERSION "VERSION"
#define STDC_HEADERS 1

configure: exit 0
